<?xml version="1.0" encoding="UTF-8"?>
<!-- Generated by org.testng.reporters.JUnitReportReporter -->
<testsuite skipped="0" hostname="DESKTOP-3S3P68U" name="com.qa.TestRunner.TestRunner" tests="1" failures="0" timestamp="02 Nov 2020 08:59:04 GMT" time="19.396" errors="0">
  <testcase name="runScenario" time="19.396" classname="com.qa.TestRunner.TestRunner"/>
</testsuite> <!-- com.qa.TestRunner.TestRunner -->
